<?xml version="1.0" encoding="UTF-8"?>
<testsuite name="mochi.task.TaskListTest" tests="1" skipped="0" failures="0" errors="0" timestamp="2025-02-24T07:14:23" hostname="AMIR" time="0.006">
  <properties/>
  <testcase name="testAddTodoTask()" classname="mochi.task.TaskListTest" time="0.006"/>
  <system-out><![CDATA[]]></system-out>
  <system-err><![CDATA[]]></system-err>
</testsuite>
