<?xml version="1.0" encoding="UTF-8"?>
<testsuite name="mochi.MochiTest" tests="5" skipped="0" failures="0" errors="0" timestamp="2025-02-25T17:40:18" hostname="AMIR" time="0.113">
  <properties/>
  <testcase name="testAddTodo()" classname="mochi.MochiTest" time="0.044"/>
  <testcase name="testAddDeadline()" classname="mochi.MochiTest" time="0.026"/>
  <testcase name="testUnmarkAsDone()" classname="mochi.MochiTest" time="0.015"/>
  <testcase name="testMarkAsDone()" classname="mochi.MochiTest" time="0.012"/>
  <testcase name="testAddEvent()" classname="mochi.MochiTest" time="0.007"/>
  <system-out><![CDATA[]]></system-out>
  <system-err><![CDATA[]]></system-err>
</testsuite>
