<?xml version="1.0" encoding="UTF-8"?>
<testsuite name="mochi.MochiTest" tests="5" skipped="0" failures="0" errors="0" timestamp="2025-02-02T17:39:28" hostname="AMIR" time="0.049">
  <properties/>
  <testcase name="testAddTodo()" classname="mochi.MochiTest" time="0.037"/>
  <testcase name="testAddDeadline()" classname="mochi.MochiTest" time="0.002"/>
  <testcase name="testUnmarkAsDone()" classname="mochi.MochiTest" time="0.002"/>
  <testcase name="testMarkAsDone()" classname="mochi.MochiTest" time="0.003"/>
  <testcase name="testAddEvent()" classname="mochi.MochiTest" time="0.002"/>
  <system-out><![CDATA[]]></system-out>
  <system-err><![CDATA[]]></system-err>
</testsuite>
