<?xml version="1.0" encoding="UTF-8"?>
<testsuite name="mochi.task.TaskListTest" tests="1" skipped="0" failures="0" errors="0" timestamp="2025-02-02T17:39:28" hostname="AMIR" time="0.002">
  <properties/>
  <testcase name="testAddTodoTask()" classname="mochi.task.TaskListTest" time="0.002"/>
  <system-out><![CDATA[]]></system-out>
  <system-err><![CDATA[]]></system-err>
</testsuite>
